app/build/intermediates/manifest_merge_blame_file/debug/manifest-merger-blame-debug-report.txt
1<?xml version="1.0" encoding="utf-8"?>
2<manifest xmlns:android="http://schemas.android.com/apk/res/android"
3    package="ch.expectusafterlun.myapplication"
4    android:versionCode="1"
5    android:versionName="1.0" >
6
7    <uses-sdk
7-->src/main/AndroidManifest.xml:7:5-9:41
8        android:minSdkVersion="16"
8-->src/main/AndroidManifest.xml:8:9-35
9        android:targetSdkVersion="31" />
9-->src/main/AndroidManifest.xml:9:9-38
10
11    <uses-permission android:name="android.permission.SET_WALLPAPER" />
11-->src/main/AndroidManifest.xml:11:5-72
11-->src/main/AndroidManifest.xml:11:22-69
12    <uses-permission android:name="android.permission.WAKE_LOCK" />
12-->src/main/AndroidManifest.xml:12:5-68
12-->src/main/AndroidManifest.xml:12:22-65
13    <uses-permission android:name="android.permission.INTERNET" />
13-->src/main/AndroidManifest.xml:13:5-67
13-->src/main/AndroidManifest.xml:13:22-64
14    <uses-permission android:name="android.permission.WRITE_EXTERNAL_STORAGE" />
14-->src/main/AndroidManifest.xml:14:5-81
14-->src/main/AndroidManifest.xml:14:22-78
15    <uses-permission android:name="android.permission.REORDER_TASKS" />
15-->[androidx.test:core:1.4.0] AndroidManifest.xml:24:5-72
15-->[androidx.test:core:1.4.0] AndroidManifest.xml:24:22-69
16
17    <queries>
17-->[androidx.test:runner:1.4.0] AndroidManifest.xml:24:5-28:15
18        <package android:name="androidx.test.orchestrator" />
18-->[androidx.test:runner:1.4.0] AndroidManifest.xml:25:9-62
18-->[androidx.test:runner:1.4.0] AndroidManifest.xml:25:18-59
19        <package android:name="androidx.test.services" />
19-->[androidx.test:runner:1.4.0] AndroidManifest.xml:26:9-58
19-->[androidx.test:runner:1.4.0] AndroidManifest.xml:26:18-55
20        <package android:name="com.google.android.apps.common.testing.services" />
20-->[androidx.test:runner:1.4.0] AndroidManifest.xml:27:9-83
20-->[androidx.test:runner:1.4.0] AndroidManifest.xml:27:18-80
21    </queries>
22
23    <application
23-->src/main/AndroidManifest.xml:16:5-211:19
24        android:allowBackup="false"
24-->src/main/AndroidManifest.xml:17:9-36
25        android:appComponentFactory="androidx.core.app.CoreComponentFactory"
25-->[androidx.core:core:1.5.0] AndroidManifest.xml:24:18-86
26        android:debuggable="true"
27        android:icon="@drawable/ic_launcher"
27-->src/main/AndroidManifest.xml:18:9-45
28        android:label="@string/app_name"
28-->src/main/AndroidManifest.xml:19:9-41
29        android:testOnly="true"
30        android:theme="@style/Theme.AppCompat.Light" >
30-->src/main/AndroidManifest.xml:20:9-53
31        <activity
31-->src/main/AndroidManifest.xml:21:9-30:20
32            android:name="ch.expectusafterlun.androidtutorial.SQLView"
32-->src/main/AndroidManifest.xml:22:13-36
33            android:exported="false"
33-->src/main/AndroidManifest.xml:23:13-37
34            android:label="@string/app_name" >
34-->src/main/AndroidManifest.xml:24:13-45
35            <intent-filter>
35-->src/main/AndroidManifest.xml:25:13-29:29
36                <action android:name="android.intent.action.SQLVIEW" />
36-->src/main/AndroidManifest.xml:26:17-72
36-->src/main/AndroidManifest.xml:26:25-69
37
38                <category android:name="android.intent.category.DEFAULT" />
38-->src/main/AndroidManifest.xml:28:17-76
38-->src/main/AndroidManifest.xml:28:27-73
39            </intent-filter>
40        </activity>
41        <activity
41-->src/main/AndroidManifest.xml:31:9-33:39
42            android:name="ch.expectusafterlun.androidtutorial.SQLiteExample"
42-->src/main/AndroidManifest.xml:32:13-42
43            android:exported="true" />
43-->src/main/AndroidManifest.xml:33:13-36
44        <activity
44-->src/main/AndroidManifest.xml:34:9-36:40
45            android:name="ch.expectusafterlun.androidtutorial.ExternalData"
45-->src/main/AndroidManifest.xml:35:13-41
46            android:exported="false" />
46-->src/main/AndroidManifest.xml:36:13-37
47        <activity
47-->src/main/AndroidManifest.xml:37:9-39:40
48            android:name="ch.expectusafterlun.androidtutorial.InternalData"
48-->src/main/AndroidManifest.xml:38:13-41
49            android:exported="false" />
49-->src/main/AndroidManifest.xml:39:13-37
50        <activity
50-->src/main/AndroidManifest.xml:40:9-42:40
51            android:name="ch.expectusafterlun.androidtutorial.SharedPrefs"
51-->src/main/AndroidManifest.xml:41:13-40
52            android:exported="false" />
52-->src/main/AndroidManifest.xml:42:13-37
53        <activity
53-->src/main/AndroidManifest.xml:43:9-45:40
54            android:name="ch.expectusafterlun.androidtutorial.Flipper"
54-->src/main/AndroidManifest.xml:44:13-36
55            android:exported="false" />
55-->src/main/AndroidManifest.xml:45:13-37
56        <activity
56-->src/main/AndroidManifest.xml:46:9-48:39
57            android:name="ch.expectusafterlun.androidtutorial.SimpleBrowser"
57-->src/main/AndroidManifest.xml:47:13-42
58            android:exported="true" />
58-->src/main/AndroidManifest.xml:48:13-36
59        <activity
59-->src/main/AndroidManifest.xml:49:9-58:20
60            android:name="ch.expectusafterlun.androidtutorial.Splash"
60-->src/main/AndroidManifest.xml:50:13-35
61            android:exported="true"
61-->src/main/AndroidManifest.xml:51:13-36
62            android:label="@string/app_name" >
62-->src/main/AndroidManifest.xml:52:13-45
63            <intent-filter>
63-->src/main/AndroidManifest.xml:53:13-57:29
64                <action android:name="android.intent.action.MAIN" />
64-->src/main/AndroidManifest.xml:54:17-69
64-->src/main/AndroidManifest.xml:54:25-66
65
66                <category android:name="android.intent.category.LAUNCHER" />
66-->src/main/AndroidManifest.xml:56:17-77
66-->src/main/AndroidManifest.xml:56:27-74
67            </intent-filter>
68        </activity>
69        <activity
69-->src/main/AndroidManifest.xml:59:9-68:20
70            android:name="ch.expectusafterlun.androidtutorial.Menu"
70-->src/main/AndroidManifest.xml:60:13-33
71            android:exported="true"
71-->src/main/AndroidManifest.xml:61:13-36
72            android:label="@string/app_name" >
72-->src/main/AndroidManifest.xml:62:13-45
73            <intent-filter>
73-->src/main/AndroidManifest.xml:63:13-67:29
74                <action android:name="ch.expectusafterlun.androidtutorial.MENU" />
74-->src/main/AndroidManifest.xml:64:17-83
74-->src/main/AndroidManifest.xml:64:25-80
75
76                <category android:name="android.intent.category.DEFAULT" />
76-->src/main/AndroidManifest.xml:28:17-76
76-->src/main/AndroidManifest.xml:28:27-73
77            </intent-filter>
78        </activity>
79        <activity
79-->src/main/AndroidManifest.xml:69:9-78:20
80            android:name="ch.expectusafterlun.androidtutorial.Count"
80-->src/main/AndroidManifest.xml:70:13-34
81            android:exported="true"
81-->src/main/AndroidManifest.xml:71:13-36
82            android:label="@string/app_name" >
82-->src/main/AndroidManifest.xml:72:13-45
83            <intent-filter>
83-->src/main/AndroidManifest.xml:73:13-77:29
84                <action android:name="ch.expectusafterlun.androidtutorial.COUNT" />
84-->src/main/AndroidManifest.xml:74:17-84
84-->src/main/AndroidManifest.xml:74:25-81
85
86                <category android:name="android.intent.category.DEFAULT" />
86-->src/main/AndroidManifest.xml:28:17-76
86-->src/main/AndroidManifest.xml:28:27-73
87            </intent-filter>
88        </activity>
89        <activity
89-->src/main/AndroidManifest.xml:79:9-88:20
90            android:name="ch.expectusafterlun.androidtutorial.TextPlay"
90-->src/main/AndroidManifest.xml:80:13-37
91            android:exported="true"
91-->src/main/AndroidManifest.xml:81:13-36
92            android:label="@string/app_name" >
92-->src/main/AndroidManifest.xml:82:13-45
93            <intent-filter>
93-->src/main/AndroidManifest.xml:83:13-87:29
94                <action android:name="ch.expectusafterlun.androidtutorial.TEXTPLAY" />
94-->src/main/AndroidManifest.xml:84:17-87
94-->src/main/AndroidManifest.xml:84:25-84
95
96                <category android:name="android.intent.category.DEFAULT" />
96-->src/main/AndroidManifest.xml:28:17-76
96-->src/main/AndroidManifest.xml:28:27-73
97            </intent-filter>
98        </activity>
99        <activity
99-->src/main/AndroidManifest.xml:89:9-98:20
100            android:name="ch.expectusafterlun.androidtutorial.Email"
100-->src/main/AndroidManifest.xml:90:13-34
101            android:exported="true"
101-->src/main/AndroidManifest.xml:91:13-36
102            android:label="@string/app_name" >
102-->src/main/AndroidManifest.xml:92:13-45
103            <intent-filter>
103-->src/main/AndroidManifest.xml:93:13-97:29
104                <action android:name="ch.expectusafterlun.androidtutorial.EMAIL" />
104-->src/main/AndroidManifest.xml:94:17-84
104-->src/main/AndroidManifest.xml:94:25-81
105
106                <category android:name="android.intent.category.DEFAULT" />
106-->src/main/AndroidManifest.xml:28:17-76
106-->src/main/AndroidManifest.xml:28:27-73
107            </intent-filter>
108        </activity>
109        <activity
109-->src/main/AndroidManifest.xml:99:9-109:20
110            android:name="ch.expectusafterlun.androidtutorial.Camera"
110-->src/main/AndroidManifest.xml:100:13-35
111            android:exported="true"
111-->src/main/AndroidManifest.xml:101:13-36
112            android:label="Camera Application"
112-->src/main/AndroidManifest.xml:102:13-47
113            android:screenOrientation="portrait" >
113-->src/main/AndroidManifest.xml:103:13-49
114            <intent-filter>
114-->src/main/AndroidManifest.xml:104:13-108:29
115                <action android:name="ch.expectusafterlun.androidtutorial.CAMERA" />
115-->src/main/AndroidManifest.xml:105:17-85
115-->src/main/AndroidManifest.xml:105:25-82
116
117                <category android:name="android.intent.category.DEFAULT" />
117-->src/main/AndroidManifest.xml:28:17-76
117-->src/main/AndroidManifest.xml:28:27-73
118            </intent-filter>
119        </activity>
120        <activity
120-->src/main/AndroidManifest.xml:110:9-119:20
121            android:name="ch.expectusafterlun.androidtutorial.Data"
121-->src/main/AndroidManifest.xml:111:13-33
122            android:exported="true"
122-->src/main/AndroidManifest.xml:112:13-36
123            android:label="@string/app_name" >
123-->src/main/AndroidManifest.xml:113:13-45
124            <intent-filter>
124-->src/main/AndroidManifest.xml:114:13-118:29
125                <action android:name="ch.expectusafterlun.androidtutorial.DATA" />
125-->src/main/AndroidManifest.xml:115:17-83
125-->src/main/AndroidManifest.xml:115:25-80
126
127                <category android:name="android.intent.category.DEFAULT" />
127-->src/main/AndroidManifest.xml:28:17-76
127-->src/main/AndroidManifest.xml:28:27-73
128            </intent-filter>
129        </activity>
130        <activity
130-->src/main/AndroidManifest.xml:120:9-129:20
131            android:name="ch.expectusafterlun.androidtutorial.Opens"
131-->src/main/AndroidManifest.xml:121:13-34
132            android:exported="true"
132-->src/main/AndroidManifest.xml:122:13-36
133            android:label="@string/app_name" >
133-->src/main/AndroidManifest.xml:123:13-45
134            <intent-filter>
134-->src/main/AndroidManifest.xml:124:13-128:29
135                <action android:name="ch.expectusafterlun.androidtutorial.OPENEDCLASS" />
135-->src/main/AndroidManifest.xml:125:17-90
135-->src/main/AndroidManifest.xml:125:25-87
136
137                <category android:name="android.intent.category.DEFAULT" />
137-->src/main/AndroidManifest.xml:28:17-76
137-->src/main/AndroidManifest.xml:28:27-73
138            </intent-filter>
139        </activity>
140        <activity
140-->src/main/AndroidManifest.xml:130:9-140:20
141            android:name="ch.expectusafterlun.androidtutorial.AboutUs"
141-->src/main/AndroidManifest.xml:131:13-36
142            android:exported="true"
142-->src/main/AndroidManifest.xml:132:13-36
143            android:label="@string/app_name"
143-->src/main/AndroidManifest.xml:133:13-45
144            android:theme="@android:style/Theme.Dialog" >
144-->src/main/AndroidManifest.xml:134:13-56
145            <intent-filter>
145-->src/main/AndroidManifest.xml:135:13-139:29
146                <action android:name="ch.expectusafterlun.androidtutorial.ABOUT" />
146-->src/main/AndroidManifest.xml:136:17-84
146-->src/main/AndroidManifest.xml:136:25-81
147
148                <category android:name="android.intent.category.DEFAULT" />
148-->src/main/AndroidManifest.xml:28:17-76
148-->src/main/AndroidManifest.xml:28:27-73
149            </intent-filter>
150        </activity>
151        <activity
151-->src/main/AndroidManifest.xml:141:9-150:20
152            android:name="ch.expectusafterlun.androidtutorial.Prefs"
152-->src/main/AndroidManifest.xml:142:13-34
153            android:exported="true"
153-->src/main/AndroidManifest.xml:143:13-36
154            android:label="@string/app_name" >
154-->src/main/AndroidManifest.xml:144:13-45
155            <intent-filter>
155-->src/main/AndroidManifest.xml:145:13-149:29
156                <action android:name="ch.expectusafterlun.androidtutorial.PREFS" />
156-->src/main/AndroidManifest.xml:146:17-84
156-->src/main/AndroidManifest.xml:146:25-81
157
158                <category android:name="android.intent.category.DEFAULT" />
158-->src/main/AndroidManifest.xml:28:17-76
158-->src/main/AndroidManifest.xml:28:27-73
159            </intent-filter>
160        </activity>
161        <activity
161-->src/main/AndroidManifest.xml:151:9-160:20
162            android:name="ch.expectusafterlun.androidtutorial.FullScreen"
162-->src/main/AndroidManifest.xml:152:13-39
163            android:exported="true"
163-->src/main/AndroidManifest.xml:153:13-36
164            android:label="@string/app_name" >
164-->src/main/AndroidManifest.xml:154:13-45
165            <intent-filter>
165-->src/main/AndroidManifest.xml:155:13-159:29
166                <action android:name="ch.expectusafterlun.androidtutorial.FULLSCREEN" />
166-->src/main/AndroidManifest.xml:156:17-89
166-->src/main/AndroidManifest.xml:156:25-86
167
168                <category android:name="android.intent.category.DEFAULT" />
168-->src/main/AndroidManifest.xml:28:17-76
168-->src/main/AndroidManifest.xml:28:27-73
169            </intent-filter>
170        </activity>
171        <activity
171-->src/main/AndroidManifest.xml:161:9-170:20
172            android:name="ch.expectusafterlun.androidtutorial.GFX"
172-->src/main/AndroidManifest.xml:162:13-32
173            android:exported="true"
173-->src/main/AndroidManifest.xml:163:13-36
174            android:label="@string/app_name" >
174-->src/main/AndroidManifest.xml:164:13-45
175            <intent-filter>
175-->src/main/AndroidManifest.xml:165:13-169:29
176                <action android:name="ch.expectusafterlun.androidtutorial.GFX" />
176-->src/main/AndroidManifest.xml:166:17-82
176-->src/main/AndroidManifest.xml:166:25-79
177
178                <category android:name="android.intent.category.DEFAULT" />
178-->src/main/AndroidManifest.xml:28:17-76
178-->src/main/AndroidManifest.xml:28:27-73
179            </intent-filter>
180        </activity>
181        <activity
181-->src/main/AndroidManifest.xml:171:9-180:20
182            android:name="ch.expectusafterlun.androidtutorial.GFXSurface"
182-->src/main/AndroidManifest.xml:172:13-39
183            android:exported="true"
183-->src/main/AndroidManifest.xml:173:13-36
184            android:label="@string/app_name" >
184-->src/main/AndroidManifest.xml:174:13-45
185            <intent-filter>
185-->src/main/AndroidManifest.xml:175:13-179:29
186                <action android:name="ch.expectusafterlun.androidtutorial.GFXSURFACE" />
186-->src/main/AndroidManifest.xml:176:17-89
186-->src/main/AndroidManifest.xml:176:25-86
187
188                <category android:name="android.intent.category.DEFAULT" />
188-->src/main/AndroidManifest.xml:28:17-76
188-->src/main/AndroidManifest.xml:28:27-73
189            </intent-filter>
190        </activity>
191        <activity
191-->src/main/AndroidManifest.xml:181:9-190:20
192            android:name="ch.expectusafterlun.androidtutorial.SoundStuff"
192-->src/main/AndroidManifest.xml:182:13-39
193            android:exported="true"
193-->src/main/AndroidManifest.xml:183:13-36
194            android:label="@string/app_name" >
194-->src/main/AndroidManifest.xml:184:13-45
195            <intent-filter>
195-->src/main/AndroidManifest.xml:185:13-189:29
196                <action android:name="ch.expectusafterlun.androidtutorial.SOUNDSTUFF" />
196-->src/main/AndroidManifest.xml:186:17-89
196-->src/main/AndroidManifest.xml:186:25-86
197
198                <category android:name="android.intent.category.DEFAULT" />
198-->src/main/AndroidManifest.xml:28:17-76
198-->src/main/AndroidManifest.xml:28:27-73
199            </intent-filter>
200        </activity>
201        <activity
201-->src/main/AndroidManifest.xml:191:9-200:20
202            android:name="ch.expectusafterlun.androidtutorial.Slider"
202-->src/main/AndroidManifest.xml:192:13-35
203            android:exported="true"
203-->src/main/AndroidManifest.xml:193:13-36
204            android:label="@string/app_name" >
204-->src/main/AndroidManifest.xml:194:13-45
205            <intent-filter>
205-->src/main/AndroidManifest.xml:195:13-199:29
206                <action android:name="ch.expectusafterlun.androidtutorial.SLIDE" />
206-->src/main/AndroidManifest.xml:196:17-84
206-->src/main/AndroidManifest.xml:196:25-81
207
208                <category android:name="android.intent.category.DEFAULT" />
208-->src/main/AndroidManifest.xml:28:17-76
208-->src/main/AndroidManifest.xml:28:27-73
209            </intent-filter>
210        </activity>
211        <activity
211-->src/main/AndroidManifest.xml:201:9-210:20
212            android:name="ch.expectusafterlun.androidtutorial.Tabs"
212-->src/main/AndroidManifest.xml:202:13-33
213            android:exported="true"
213-->src/main/AndroidManifest.xml:203:13-36
214            android:label="@string/app_name" >
214-->src/main/AndroidManifest.xml:204:13-45
215            <intent-filter>
215-->src/main/AndroidManifest.xml:205:13-209:29
216                <action android:name="ch.expectusafterlun.androidtutorial.TABS" />
216-->src/main/AndroidManifest.xml:206:17-83
216-->src/main/AndroidManifest.xml:206:25-80
217
218                <category android:name="android.intent.category.DEFAULT" />
218-->src/main/AndroidManifest.xml:28:17-76
218-->src/main/AndroidManifest.xml:28:27-73
219            </intent-filter>
220        </activity>
221        <activity
221-->[androidx.test:core:1.4.0] AndroidManifest.xml:27:9-34:20
222            android:name="androidx.test.core.app.InstrumentationActivityInvoker$BootstrapActivity"
222-->[androidx.test:core:1.4.0] AndroidManifest.xml:28:13-99
223            android:exported="true"
223-->[androidx.test:core:1.4.0] AndroidManifest.xml:29:13-36
224            android:theme="@android:style/Theme" >
224-->[androidx.test:core:1.4.0] AndroidManifest.xml:30:13-49
225            <intent-filter>
225-->[androidx.test:core:1.4.0] AndroidManifest.xml:31:13-33:29
226                <action android:name="android.intent.action.MAIN" />
226-->src/main/AndroidManifest.xml:54:17-69
226-->src/main/AndroidManifest.xml:54:25-66
227            </intent-filter>
228        </activity>
229        <activity
229-->[androidx.test:core:1.4.0] AndroidManifest.xml:35:9-42:20
230            android:name="androidx.test.core.app.InstrumentationActivityInvoker$EmptyActivity"
230-->[androidx.test:core:1.4.0] AndroidManifest.xml:36:13-95
231            android:exported="true"
231-->[androidx.test:core:1.4.0] AndroidManifest.xml:37:13-36
232            android:theme="@android:style/Theme" >
232-->[androidx.test:core:1.4.0] AndroidManifest.xml:38:13-49
233            <intent-filter>
233-->[androidx.test:core:1.4.0] AndroidManifest.xml:31:13-33:29
234                <action android:name="android.intent.action.MAIN" />
234-->src/main/AndroidManifest.xml:54:17-69
234-->src/main/AndroidManifest.xml:54:25-66
235            </intent-filter>
236        </activity>
237        <activity
237-->[androidx.test:core:1.4.0] AndroidManifest.xml:43:9-50:20
238            android:name="androidx.test.core.app.InstrumentationActivityInvoker$EmptyFloatingActivity"
238-->[androidx.test:core:1.4.0] AndroidManifest.xml:44:13-103
239            android:exported="true"
239-->[androidx.test:core:1.4.0] AndroidManifest.xml:45:13-36
240            android:theme="@android:style/Theme.Dialog" >
240-->[androidx.test:core:1.4.0] AndroidManifest.xml:46:13-56
241            <intent-filter>
241-->[androidx.test:core:1.4.0] AndroidManifest.xml:31:13-33:29
242                <action android:name="android.intent.action.MAIN" />
242-->src/main/AndroidManifest.xml:54:17-69
242-->src/main/AndroidManifest.xml:54:25-66
243            </intent-filter>
244        </activity>
245    </application>
246
247</manifest>